Using pre-set license
Built from '6000.0/staging' branch; Version is '6000.0.38f1 (82314a941f2d) revision 8532298'; Using compiler version '193933523'; Build Type 'Release'
OS: 'Windows 11  (10.0.22631) 64bit Core' Language: 'en' Physical Memory: 16077 MB
BatchMode: 1, IsHumanControllingUs: 0, StartBugReporterOnCrash: 0, Is64bit: 1, IsPro: 1

COMMAND LINE ARGUMENTS:
C:\Program Files\Unity\Hub\Editor\6000.0.38f1\Editor\Unity.exe
-adb2
-batchMode
-noUpm
-name
AssetImportWorker1
-projectPath
C:/Users/talwa/Zombie
-logFile
Logs/AssetImportWorker1.log
-srvPort
53866
-job-worker-count
7
-background-job-worker-count
8
-gc-helper-count
1
Successfully changed project path to: C:/Users/talwa/Zombie
C:/Users/talwa/Zombie
[UnityMemory] Configuration Parameters - Can be set up in boot.config
    "memorysetup-bucket-allocator-granularity=16"
    "memorysetup-bucket-allocator-bucket-count=8"
    "memorysetup-bucket-allocator-block-size=33554432"
    "memorysetup-bucket-allocator-block-count=8"
    "memorysetup-main-allocator-block-size=16777216"
    "memorysetup-thread-allocator-block-size=16777216"
    "memorysetup-gfx-main-allocator-block-size=16777216"
    "memorysetup-gfx-thread-allocator-block-size=16777216"
    "memorysetup-cache-allocator-block-size=4194304"
    "memorysetup-typetree-allocator-block-size=2097152"
    "memorysetup-profiler-bucket-allocator-granularity=16"
    "memorysetup-profiler-bucket-allocator-bucket-count=8"
    "memorysetup-profiler-bucket-allocator-block-size=33554432"
    "memorysetup-profiler-bucket-allocator-block-count=8"
    "memorysetup-profiler-allocator-block-size=16777216"
    "memorysetup-profiler-editor-allocator-block-size=1048576"
    "memorysetup-temp-allocator-size-main=16777216"
    "memorysetup-job-temp-allocator-block-size=2097152"
    "memorysetup-job-temp-allocator-block-size-background=1048576"
    "memorysetup-job-temp-allocator-reduction-small-platforms=262144"
    "memorysetup-allocator-temp-initial-block-size-main=262144"
    "memorysetup-allocator-temp-initial-block-size-worker=262144"
    "memorysetup-temp-allocator-size-background-worker=32768"
    "memorysetup-temp-allocator-size-job-worker=262144"
    "memorysetup-temp-allocator-size-preload-manager=33554432"
    "memorysetup-temp-allocator-size-nav-mesh-worker=65536"
    "memorysetup-temp-allocator-size-audio-worker=65536"
    "memorysetup-temp-allocator-size-cloud-worker=32768"
    "memorysetup-temp-allocator-size-gi-baking-worker=262144"
    "memorysetup-temp-allocator-size-gi-baking-worker=262144"
    "memorysetup-temp-allocator-size-gi-baking-worker=262144"
    "memorysetup-temp-allocator-size-gi-baking-worker=262144"
    "memorysetup-temp-allocator-size-gi-baking-worker=262144"
    "memorysetup-temp-allocator-size-gfx=262144"
Player connection [48596]  Target information:

Player connection [48596]  * "[IP] 10.0.0.189 [Port] 0 [Flags] 2 [Guid] 2985012373 [EditorId] 2985012373 [Version] 1048832 [Id] WindowsEditor(7,pranavtalwar) [Debug] 1 [PackageName] WindowsEditor [ProjectName] Editor" 

Player connection [48596] Host joined multi-casting on [225.0.0.222:54997]...
Player connection [48596] Host joined alternative multi-casting on [225.0.0.222:34997]...
JobSystem: Creating JobQueue using job-worker-count value 7
Input System module state changed to: Initialized.
[Physics::Module] Initialized fallback backend.
[Physics::Module] Id: 0xdecafbad
Library Redirect Path: Library/
[Physics::Module] Selected backend.
[Physics::Module] Name: PhysX
[Physics::Module] Id: 0xf2b8ea05
[Physics::Module] SDK Version: 4.1.2
[Physics::Module] Integration Version: 1.0.0
[Physics::Module] Threading Mode: Multi-Threaded
Refreshing native plugins compatible for Editor in 28.88 ms, found 4 plugins.
Preloading 0 native plugins for Editor in 0.00 ms.
Initialize engine version: 6000.0.38f1 (82314a941f2d)
[Subsystems] Discovering subsystems at path C:/Program Files/Unity/Hub/Editor/6000.0.38f1/Editor/Data/Resources/UnitySubsystems
[Subsystems] Discovering subsystems at path C:/Users/talwa/Zombie/Assets
GfxDevice: creating device client; kGfxThreadingModeNonThreaded
Direct3D:
    Version:  Direct3D 11.0 [level 11.1]
    Renderer: Intel(R) Iris(R) Xe Graphics (ID=0x46a6)
    Vendor:   Intel
    VRAM:     8038 MB
    Driver:   31.0.101.4255
Initialize mono
Mono path[0] = 'C:/Program Files/Unity/Hub/Editor/6000.0.38f1/Editor/Data/Managed'
Mono path[1] = 'C:/Program Files/Unity/Hub/Editor/6000.0.38f1/Editor/Data/MonoBleedingEdge/lib/mono/unityjit-win32'
Mono config path = 'C:/Program Files/Unity/Hub/Editor/6000.0.38f1/Editor/Data/MonoBleedingEdge/etc'
Using monoOptions --debugger-agent=transport=dt_socket,embedding=1,server=y,suspend=n,address=127.0.0.1:56260
Begin MonoManager ReloadAssembly
Registering precompiled unity dll's ...
Register platform support module: C:/Program Files/Unity/Hub/Editor/6000.0.38f1/Editor/Data/PlaybackEngines/WebGLSupport/UnityEditor.WebGL.Extensions.dll
Register platform support module: C:/Program Files/Unity/Hub/Editor/6000.0.38f1/Editor/Data/PlaybackEngines/WindowsStandaloneSupport/UnityEditor.WindowsStandalone.Extensions.dll
Registered in 0.060966 seconds.
- Loaded All Assemblies, in  2.843 seconds
Native extension for WindowsStandalone target not found
Native extension for WebGL target not found
Mono: successfully reloaded assembly
- Finished resetting the current domain, in  2.596 seconds
Domain Reload Profiling: 5428ms
	BeginReloadAssembly (973ms)
		ExecutionOrderSort (0ms)
		DisableScriptedObjects (0ms)
		BackupInstance (0ms)
		ReleaseScriptingObjects (0ms)
		CreateAndSetChildDomain (1ms)
	RebuildCommonClasses (245ms)
	RebuildNativeTypeToScriptingClass (103ms)
	initialDomainReloadingComplete (551ms)
	LoadAllAssembliesAndSetupDomain (957ms)
		LoadAssemblies (966ms)
		RebuildTransferFunctionScriptingTraits (0ms)
		AnalyzeDomain (938ms)
			TypeCache.Refresh (926ms)
				TypeCache.ScanAssembly (849ms)
			BuildScriptInfoCaches (2ms)
			ResolveRequiredComponents (3ms)
	FinalizeReload (2599ms)
		ReleaseScriptCaches (0ms)
		RebuildScriptCaches (0ms)
		SetupLoadedEditorAssemblies (2239ms)
			LogAssemblyErrors (0ms)
			InitializePlatformSupportModulesInManaged (302ms)
			SetLoadedEditorAssemblies (42ms)
			BeforeProcessingInitializeOnLoad (508ms)
			ProcessInitializeOnLoadAttributes (1080ms)
			ProcessInitializeOnLoadMethodAttributes (306ms)
			AfterProcessingInitializeOnLoad (0ms)
			EditorAssembliesLoaded (0ms)
		ExecutionOrderSort2 (0ms)
		AwakeInstancesAfterBackupRestoration (0ms)
========================================================================
Worker process is ready to serve import requests
Import Worker Mode flag is 0x00
Begin MonoManager ReloadAssembly
- Loaded All Assemblies, in  4.824 seconds
Refreshing native plugins compatible for Editor in 35.98 ms, found 4 plugins.
Native extension for WindowsStandalone target not found
Native extension for WebGL target not found
Mono: successfully reloaded assembly
- Finished resetting the current domain, in  4.687 seconds
Domain Reload Profiling: 9479ms
	BeginReloadAssembly (886ms)
		ExecutionOrderSort (0ms)
		DisableScriptedObjects (30ms)
		BackupInstance (0ms)
		ReleaseScriptingObjects (0ms)
		CreateAndSetChildDomain (88ms)
	RebuildCommonClasses (172ms)
	RebuildNativeTypeToScriptingClass (56ms)
	initialDomainReloadingComplete (206ms)
	LoadAllAssembliesAndSetupDomain (3469ms)
		LoadAssemblies (2615ms)
		RebuildTransferFunctionScriptingTraits (0ms)
		AnalyzeDomain (1377ms)
			TypeCache.Refresh (1039ms)
				TypeCache.ScanAssembly (953ms)
			BuildScriptInfoCaches (278ms)
			ResolveRequiredComponents (54ms)
	FinalizeReload (4690ms)
		ReleaseScriptCaches (0ms)
		RebuildScriptCaches (0ms)
		SetupLoadedEditorAssemblies (3761ms)
			LogAssemblyErrors (0ms)
			InitializePlatformSupportModulesInManaged (8ms)
			SetLoadedEditorAssemblies (18ms)
			BeforeProcessingInitializeOnLoad (1283ms)
			ProcessInitializeOnLoadAttributes (1797ms)
			ProcessInitializeOnLoadMethodAttributes (645ms)
			AfterProcessingInitializeOnLoad (10ms)
			EditorAssembliesLoaded (0ms)
		ExecutionOrderSort2 (0ms)
		AwakeInstancesAfterBackupRestoration (27ms)
Launched and connected shader compiler UnityShaderCompiler.exe after 0.07 seconds
Refreshing native plugins compatible for Editor in 18.84 ms, found 4 plugins.
Preloading 0 native plugins for Editor in 0.00 ms.
Unloading 206 Unused Serialized files (Serialized files now loaded: 0)
Unloading 6585 unused Assets / (8.1 MB). Loaded Objects now: 7223.
Memory consumption went from 170.8 MB to 162.7 MB.
Total: 42.127400 ms (FindLiveObjects: 0.842400 ms CreateObjectMapping: 1.310300 ms MarkObjects: 10.626500 ms  DeleteObjects: 29.345200 ms)

========================================================================
Received Prepare
Begin MonoManager ReloadAssembly
- Loaded All Assemblies, in  4.569 seconds
Refreshing native plugins compatible for Editor in 10.27 ms, found 4 plugins.
Native extension for WindowsStandalone target not found
Native extension for WebGL target not found
Mono: successfully reloaded assembly
- Finished resetting the current domain, in  4.547 seconds
Domain Reload Profiling: 9099ms
	BeginReloadAssembly (1195ms)
		ExecutionOrderSort (0ms)
		DisableScriptedObjects (117ms)
		BackupInstance (0ms)
		ReleaseScriptingObjects (0ms)
		CreateAndSetChildDomain (262ms)
	RebuildCommonClasses (152ms)
	RebuildNativeTypeToScriptingClass (84ms)
	initialDomainReloadingComplete (177ms)
	LoadAllAssembliesAndSetupDomain (2940ms)
		LoadAssemblies (2719ms)
		RebuildTransferFunctionScriptingTraits (0ms)
		AnalyzeDomain (864ms)
			TypeCache.Refresh (53ms)
				TypeCache.ScanAssembly (2ms)
			BuildScriptInfoCaches (769ms)
			ResolveRequiredComponents (35ms)
	FinalizeReload (4551ms)
		ReleaseScriptCaches (0ms)
		RebuildScriptCaches (0ms)
		SetupLoadedEditorAssemblies (3598ms)
			LogAssemblyErrors (0ms)
			InitializePlatformSupportModulesInManaged (15ms)
			SetLoadedEditorAssemblies (33ms)
			BeforeProcessingInitializeOnLoad (951ms)
			ProcessInitializeOnLoadAttributes (2234ms)
			ProcessInitializeOnLoadMethodAttributes (311ms)
			AfterProcessingInitializeOnLoad (53ms)
			EditorAssembliesLoaded (2ms)
		ExecutionOrderSort2 (0ms)
		AwakeInstancesAfterBackupRestoration (79ms)
Refreshing native plugins compatible for Editor in 9.84 ms, found 4 plugins.
Preloading 0 native plugins for Editor in 0.00 ms.
Unloading 43 Unused Serialized files (Serialized files now loaded: 0)
Unloading 6583 unused Assets / (6.4 MB). Loaded Objects now: 7226.
Memory consumption went from 148.2 MB to 141.8 MB.
Total: 18.547800 ms (FindLiveObjects: 0.690700 ms CreateObjectMapping: 0.591700 ms MarkObjects: 11.124600 ms  DeleteObjects: 6.139000 ms)

Prepare: number of updated asset objects reloaded= 0
========================================================================
Received Prepare
Refreshing native plugins compatible for Editor in 13.06 ms, found 4 plugins.
Preloading 0 native plugins for Editor in 0.00 ms.
Unloading 43 Unused Serialized files (Serialized files now loaded: 0)
Unloading 6572 unused Assets / (9.6 MB). Loaded Objects now: 7226.
Memory consumption went from 148.3 MB to 138.8 MB.
Total: 1114.272100 ms (FindLiveObjects: 7.851700 ms CreateObjectMapping: 2.096500 ms MarkObjects: 1009.260900 ms  DeleteObjects: 95.049100 ms)

Prepare: number of updated asset objects reloaded= 0
========================================================================
Received Prepare
Begin MonoManager ReloadAssembly
- Loaded All Assemblies, in  9.665 seconds
Refreshing native plugins compatible for Editor in 10.05 ms, found 4 plugins.
Native extension for WindowsStandalone target not found
Native extension for WebGL target not found
Mono: successfully reloaded assembly
- Finished resetting the current domain, in  3.918 seconds
Domain Reload Profiling: 13537ms
	BeginReloadAssembly (3637ms)
		ExecutionOrderSort (0ms)
		DisableScriptedObjects (586ms)
		BackupInstance (0ms)
		ReleaseScriptingObjects (3ms)
		CreateAndSetChildDomain (1574ms)
	RebuildCommonClasses (203ms)
	RebuildNativeTypeToScriptingClass (62ms)
	initialDomainReloadingComplete (247ms)
	LoadAllAssembliesAndSetupDomain (5467ms)
		LoadAssemblies (5289ms)
		RebuildTransferFunctionScriptingTraits (0ms)
		AnalyzeDomain (1123ms)
			TypeCache.Refresh (127ms)
				TypeCache.ScanAssembly (2ms)
			BuildScriptInfoCaches (714ms)
			ResolveRequiredComponents (105ms)
	FinalizeReload (3921ms)
		ReleaseScriptCaches (0ms)
		RebuildScriptCaches (0ms)
		SetupLoadedEditorAssemblies (3297ms)
			LogAssemblyErrors (16ms)
			InitializePlatformSupportModulesInManaged (15ms)
			SetLoadedEditorAssemblies (35ms)
			BeforeProcessingInitializeOnLoad (956ms)
			ProcessInitializeOnLoadAttributes (1980ms)
			ProcessInitializeOnLoadMethodAttributes (269ms)
			AfterProcessingInitializeOnLoad (25ms)
			EditorAssembliesLoaded (1ms)
		ExecutionOrderSort2 (0ms)
		AwakeInstancesAfterBackupRestoration (37ms)
Refreshing native plugins compatible for Editor in 3.02 ms, found 4 plugins.
Preloading 0 native plugins for Editor in 0.00 ms.
Unloading 43 Unused Serialized files (Serialized files now loaded: 0)
Unloading 6583 unused Assets / (7.6 MB). Loaded Objects now: 7228.
Memory consumption went from 148.2 MB to 140.6 MB.
Total: 20.387500 ms (FindLiveObjects: 0.661500 ms CreateObjectMapping: 1.465400 ms MarkObjects: 11.141100 ms  DeleteObjects: 7.117000 ms)

Prepare: number of updated asset objects reloaded= 0
========================================================================
Received Prepare
Refreshing native plugins compatible for Editor in 17.71 ms, found 4 plugins.
Preloading 0 native plugins for Editor in 0.00 ms.
Unloading 43 Unused Serialized files (Serialized files now loaded: 0)
Unloading 6572 unused Assets / (8.6 MB). Loaded Objects now: 7228.
Memory consumption went from 148.4 MB to 139.8 MB.
Total: 53.962200 ms (FindLiveObjects: 3.614900 ms CreateObjectMapping: 2.913800 ms MarkObjects: 21.655200 ms  DeleteObjects: 25.703400 ms)

Prepare: number of updated asset objects reloaded= 0
========================================================================
Received Prepare
Begin MonoManager ReloadAssembly
- Loaded All Assemblies, in  5.118 seconds
Refreshing native plugins compatible for Editor in 6.77 ms, found 4 plugins.
Native extension for WindowsStandalone target not found
Native extension for WebGL target not found
Mono: successfully reloaded assembly
- Finished resetting the current domain, in  3.946 seconds
Domain Reload Profiling: 9021ms
	BeginReloadAssembly (1454ms)
		ExecutionOrderSort (0ms)
		DisableScriptedObjects (327ms)
		BackupInstance (0ms)
		ReleaseScriptingObjects (0ms)
		CreateAndSetChildDomain (203ms)
	RebuildCommonClasses (123ms)
	RebuildNativeTypeToScriptingClass (78ms)
	initialDomainReloadingComplete (160ms)
	LoadAllAssembliesAndSetupDomain (3258ms)
		LoadAssemblies (2750ms)
		RebuildTransferFunctionScriptingTraits (0ms)
		AnalyzeDomain (1237ms)
			TypeCache.Refresh (119ms)
				TypeCache.ScanAssembly (1ms)
			BuildScriptInfoCaches (1012ms)
			ResolveRequiredComponents (57ms)
	FinalizeReload (3948ms)
		ReleaseScriptCaches (0ms)
		RebuildScriptCaches (0ms)
		SetupLoadedEditorAssemblies (3069ms)
			LogAssemblyErrors (0ms)
			InitializePlatformSupportModulesInManaged (13ms)
			SetLoadedEditorAssemblies (34ms)
			BeforeProcessingInitializeOnLoad (777ms)
			ProcessInitializeOnLoadAttributes (1913ms)
			ProcessInitializeOnLoadMethodAttributes (303ms)
			AfterProcessingInitializeOnLoad (28ms)
			EditorAssembliesLoaded (1ms)
		ExecutionOrderSort2 (0ms)
		AwakeInstancesAfterBackupRestoration (96ms)
Refreshing native plugins compatible for Editor in 9.54 ms, found 4 plugins.
Preloading 0 native plugins for Editor in 0.00 ms.
Unloading 43 Unused Serialized files (Serialized files now loaded: 0)
Unloading 6583 unused Assets / (8.2 MB). Loaded Objects now: 7230.
Memory consumption went from 150.2 MB to 142.0 MB.
Total: 44.375200 ms (FindLiveObjects: 1.520400 ms CreateObjectMapping: 1.749800 ms MarkObjects: 20.909400 ms  DeleteObjects: 20.191900 ms)

Prepare: number of updated asset objects reloaded= 0
========================================================================
Received Prepare
Begin MonoManager ReloadAssembly
- Loaded All Assemblies, in  3.541 seconds
Refreshing native plugins compatible for Editor in 6.32 ms, found 4 plugins.
Native extension for WindowsStandalone target not found
Native extension for WebGL target not found
Mono: successfully reloaded assembly
- Finished resetting the current domain, in  4.250 seconds
Domain Reload Profiling: 7747ms
	BeginReloadAssembly (1039ms)
		ExecutionOrderSort (0ms)
		DisableScriptedObjects (82ms)
		BackupInstance (0ms)
		ReleaseScriptingObjects (1ms)
		CreateAndSetChildDomain (214ms)
	RebuildCommonClasses (106ms)
	RebuildNativeTypeToScriptingClass (32ms)
	initialDomainReloadingComplete (178ms)
	LoadAllAssembliesAndSetupDomain (2140ms)
		LoadAssemblies (2000ms)
		RebuildTransferFunctionScriptingTraits (0ms)
		AnalyzeDomain (706ms)
			TypeCache.Refresh (39ms)
				TypeCache.ScanAssembly (0ms)
			BuildScriptInfoCaches (633ms)
			ResolveRequiredComponents (28ms)
	FinalizeReload (4252ms)
		ReleaseScriptCaches (0ms)
		RebuildScriptCaches (0ms)
		SetupLoadedEditorAssemblies (3478ms)
			LogAssemblyErrors (0ms)
			InitializePlatformSupportModulesInManaged (9ms)
			SetLoadedEditorAssemblies (24ms)
			BeforeProcessingInitializeOnLoad (923ms)
			ProcessInitializeOnLoadAttributes (2144ms)
			ProcessInitializeOnLoadMethodAttributes (318ms)
			AfterProcessingInitializeOnLoad (58ms)
			EditorAssembliesLoaded (1ms)
		ExecutionOrderSort2 (0ms)
		AwakeInstancesAfterBackupRestoration (59ms)
Refreshing native plugins compatible for Editor in 7.41 ms, found 4 plugins.
Preloading 0 native plugins for Editor in 0.00 ms.
Unloading 43 Unused Serialized files (Serialized files now loaded: 0)
Unloading 6583 unused Assets / (8.8 MB). Loaded Objects now: 7232.
Memory consumption went from 150.2 MB to 141.3 MB.
Total: 37.245500 ms (FindLiveObjects: 1.789900 ms CreateObjectMapping: 1.348500 ms MarkObjects: 16.844400 ms  DeleteObjects: 17.258800 ms)

Prepare: number of updated asset objects reloaded= 0
========================================================================
Received Prepare
Begin MonoManager ReloadAssembly
- Loaded All Assemblies, in  3.600 seconds
Refreshing native plugins compatible for Editor in 21.73 ms, found 4 plugins.
Native extension for WindowsStandalone target not found
Native extension for WebGL target not found
Mono: successfully reloaded assembly
- Finished resetting the current domain, in  3.547 seconds
Domain Reload Profiling: 7042ms
	BeginReloadAssembly (789ms)
		ExecutionOrderSort (0ms)
		DisableScriptedObjects (64ms)
		BackupInstance (0ms)
		ReleaseScriptingObjects (0ms)
		CreateAndSetChildDomain (156ms)
	RebuildCommonClasses (139ms)
	RebuildNativeTypeToScriptingClass (78ms)
	initialDomainReloadingComplete (103ms)
	LoadAllAssembliesAndSetupDomain (2383ms)
		LoadAssemblies (1957ms)
		RebuildTransferFunctionScriptingTraits (0ms)
		AnalyzeDomain (842ms)
			TypeCache.Refresh (45ms)
				TypeCache.ScanAssembly (0ms)
			BuildScriptInfoCaches (742ms)
			ResolveRequiredComponents (40ms)
	FinalizeReload (3550ms)
		ReleaseScriptCaches (0ms)
		RebuildScriptCaches (0ms)
		SetupLoadedEditorAssemblies (2657ms)
			LogAssemblyErrors (0ms)
			InitializePlatformSupportModulesInManaged (10ms)
			SetLoadedEditorAssemblies (27ms)
			BeforeProcessingInitializeOnLoad (899ms)
			ProcessInitializeOnLoadAttributes (1460ms)
			ProcessInitializeOnLoadMethodAttributes (226ms)
			AfterProcessingInitializeOnLoad (34ms)
			EditorAssembliesLoaded (1ms)
		ExecutionOrderSort2 (0ms)
		AwakeInstancesAfterBackupRestoration (55ms)
Refreshing native plugins compatible for Editor in 21.85 ms, found 4 plugins.
Preloading 0 native plugins for Editor in 0.00 ms.
Unloading 43 Unused Serialized files (Serialized files now loaded: 0)
Unloading 6583 unused Assets / (7.5 MB). Loaded Objects now: 7234.
Memory consumption went from 152.0 MB to 144.5 MB.
Total: 45.463500 ms (FindLiveObjects: 3.371000 ms CreateObjectMapping: 4.299700 ms MarkObjects: 22.749800 ms  DeleteObjects: 15.035100 ms)

Prepare: number of updated asset objects reloaded= 0
========================================================================
Received Prepare
Refreshing native plugins compatible for Editor in 3.55 ms, found 4 plugins.
Preloading 0 native plugins for Editor in 0.00 ms.
Unloading 43 Unused Serialized files (Serialized files now loaded: 0)
Unloading 6572 unused Assets / (8.1 MB). Loaded Objects now: 7234.
Memory consumption went from 152.2 MB to 144.1 MB.
Total: 25.681500 ms (FindLiveObjects: 1.662000 ms CreateObjectMapping: 1.733600 ms MarkObjects: 13.748400 ms  DeleteObjects: 8.534100 ms)

Prepare: number of updated asset objects reloaded= 0
========================================================================
Received Prepare
Begin MonoManager ReloadAssembly
- Loaded All Assemblies, in  4.654 seconds
Refreshing native plugins compatible for Editor in 12.72 ms, found 4 plugins.
Native extension for WindowsStandalone target not found
Native extension for WebGL target not found
Mono: successfully reloaded assembly
- Finished resetting the current domain, in  4.610 seconds
Domain Reload Profiling: 9251ms
	BeginReloadAssembly (1233ms)
		ExecutionOrderSort (0ms)
		DisableScriptedObjects (82ms)
		BackupInstance (0ms)
		ReleaseScriptingObjects (3ms)
		CreateAndSetChildDomain (333ms)
	RebuildCommonClasses (154ms)
	RebuildNativeTypeToScriptingClass (42ms)
	initialDomainReloadingComplete (152ms)
	LoadAllAssembliesAndSetupDomain (3057ms)
		LoadAssemblies (2519ms)
		RebuildTransferFunctionScriptingTraits (0ms)
		AnalyzeDomain (1111ms)
			TypeCache.Refresh (114ms)
				TypeCache.ScanAssembly (1ms)
			BuildScriptInfoCaches (926ms)
			ResolveRequiredComponents (47ms)
	FinalizeReload (4612ms)
		ReleaseScriptCaches (0ms)
		RebuildScriptCaches (0ms)
		SetupLoadedEditorAssemblies (3389ms)
			LogAssemblyErrors (0ms)
			InitializePlatformSupportModulesInManaged (16ms)
			SetLoadedEditorAssemblies (31ms)
			BeforeProcessingInitializeOnLoad (1015ms)
			ProcessInitializeOnLoadAttributes (1941ms)
			ProcessInitializeOnLoadMethodAttributes (329ms)
			AfterProcessingInitializeOnLoad (52ms)
			EditorAssembliesLoaded (4ms)
		ExecutionOrderSort2 (0ms)
		AwakeInstancesAfterBackupRestoration (70ms)
Refreshing native plugins compatible for Editor in 7.29 ms, found 4 plugins.
Preloading 0 native plugins for Editor in 0.00 ms.
Unloading 43 Unused Serialized files (Serialized files now loaded: 0)
Unloading 6583 unused Assets / (8.9 MB). Loaded Objects now: 7236.
Memory consumption went from 152.1 MB to 143.2 MB.
Total: 73.602500 ms (FindLiveObjects: 6.604400 ms CreateObjectMapping: 4.002500 ms MarkObjects: 33.485500 ms  DeleteObjects: 29.503600 ms)

Prepare: number of updated asset objects reloaded= 0
========================================================================
Received Prepare
Refreshing native plugins compatible for Editor in 14.14 ms, found 4 plugins.
Preloading 0 native plugins for Editor in 0.00 ms.
Unloading 43 Unused Serialized files (Serialized files now loaded: 0)
Unloading 6572 unused Assets / (8.2 MB). Loaded Objects now: 7236.
Memory consumption went from 152.3 MB to 144.1 MB.
Total: 42.075400 ms (FindLiveObjects: 4.468700 ms CreateObjectMapping: 2.256000 ms MarkObjects: 18.613000 ms  DeleteObjects: 16.733200 ms)

Prepare: number of updated asset objects reloaded= 0
========================================================================
Received Prepare
Begin MonoManager ReloadAssembly
- Loaded All Assemblies, in  9.450 seconds
Refreshing native plugins compatible for Editor in 12.59 ms, found 4 plugins.
Native extension for WindowsStandalone target not found
Native extension for WebGL target not found
Mono: successfully reloaded assembly
- Finished resetting the current domain, in  4.003 seconds
Domain Reload Profiling: 13408ms
	BeginReloadAssembly (2967ms)
		ExecutionOrderSort (0ms)
		DisableScriptedObjects (314ms)
		BackupInstance (0ms)
		ReleaseScriptingObjects (3ms)
		CreateAndSetChildDomain (985ms)
	RebuildCommonClasses (251ms)
	RebuildNativeTypeToScriptingClass (62ms)
	initialDomainReloadingComplete (228ms)
	LoadAllAssembliesAndSetupDomain (5893ms)
		LoadAssemblies (6011ms)
		RebuildTransferFunctionScriptingTraits (0ms)
		AnalyzeDomain (1214ms)
			TypeCache.Refresh (134ms)
				TypeCache.ScanAssembly (2ms)
			BuildScriptInfoCaches (967ms)
			ResolveRequiredComponents (74ms)
	FinalizeReload (4006ms)
		ReleaseScriptCaches (0ms)
		RebuildScriptCaches (0ms)
		SetupLoadedEditorAssemblies (3029ms)
			LogAssemblyErrors (0ms)
			InitializePlatformSupportModulesInManaged (23ms)
			SetLoadedEditorAssemblies (38ms)
			BeforeProcessingInitializeOnLoad (833ms)
			ProcessInitializeOnLoadAttributes (1818ms)
			ProcessInitializeOnLoadMethodAttributes (271ms)
			AfterProcessingInitializeOnLoad (45ms)
			EditorAssembliesLoaded (1ms)
		ExecutionOrderSort2 (0ms)
		AwakeInstancesAfterBackupRestoration (66ms)
Refreshing native plugins compatible for Editor in 9.92 ms, found 4 plugins.
Preloading 0 native plugins for Editor in 0.00 ms.
Unloading 43 Unused Serialized files (Serialized files now loaded: 0)
Unloading 6583 unused Assets / (8.0 MB). Loaded Objects now: 7238.
Memory consumption went from 154.0 MB to 146.1 MB.
Total: 30.236800 ms (FindLiveObjects: 1.568900 ms CreateObjectMapping: 1.382800 ms MarkObjects: 14.167100 ms  DeleteObjects: 13.113400 ms)

Prepare: number of updated asset objects reloaded= 0
========================================================================
Received Prepare
Begin MonoManager ReloadAssembly
- Loaded All Assemblies, in  3.199 seconds
Refreshing native plugins compatible for Editor in 12.29 ms, found 4 plugins.
Native extension for WindowsStandalone target not found
Native extension for WebGL target not found
Mono: successfully reloaded assembly
- Finished resetting the current domain, in  3.142 seconds
Domain Reload Profiling: 6337ms
	BeginReloadAssembly (785ms)
		ExecutionOrderSort (0ms)
		DisableScriptedObjects (58ms)
		BackupInstance (0ms)
		ReleaseScriptingObjects (1ms)
		CreateAndSetChildDomain (189ms)
	RebuildCommonClasses (68ms)
	RebuildNativeTypeToScriptingClass (20ms)
	initialDomainReloadingComplete (65ms)
	LoadAllAssembliesAndSetupDomain (2254ms)
		LoadAssemblies (1944ms)
		RebuildTransferFunctionScriptingTraits (0ms)
		AnalyzeDomain (679ms)
			TypeCache.Refresh (17ms)
				TypeCache.ScanAssembly (0ms)
			BuildScriptInfoCaches (601ms)
			ResolveRequiredComponents (50ms)
	FinalizeReload (3145ms)
		ReleaseScriptCaches (0ms)
		RebuildScriptCaches (0ms)
		SetupLoadedEditorAssemblies (2420ms)
			LogAssemblyErrors (0ms)
			InitializePlatformSupportModulesInManaged (9ms)
			SetLoadedEditorAssemblies (19ms)
			BeforeProcessingInitializeOnLoad (629ms)
			ProcessInitializeOnLoadAttributes (1482ms)
			ProcessInitializeOnLoadMethodAttributes (228ms)
			AfterProcessingInitializeOnLoad (53ms)
			EditorAssembliesLoaded (1ms)
		ExecutionOrderSort2 (0ms)
		AwakeInstancesAfterBackupRestoration (62ms)
Refreshing native plugins compatible for Editor in 8.05 ms, found 4 plugins.
Preloading 0 native plugins for Editor in 0.00 ms.
Unloading 43 Unused Serialized files (Serialized files now loaded: 0)
Unloading 6583 unused Assets / (8.6 MB). Loaded Objects now: 7240.
Memory consumption went from 154.0 MB to 145.4 MB.
Total: 26.869900 ms (FindLiveObjects: 0.792700 ms CreateObjectMapping: 0.754100 ms MarkObjects: 11.862500 ms  DeleteObjects: 13.457300 ms)

Prepare: number of updated asset objects reloaded= 0
========================================================================
Received Prepare
Refreshing native plugins compatible for Editor in 9.57 ms, found 4 plugins.
Preloading 0 native plugins for Editor in 0.00 ms.
Unloading 43 Unused Serialized files (Serialized files now loaded: 0)
Unloading 6572 unused Assets / (7.7 MB). Loaded Objects now: 7240.
Memory consumption went from 154.2 MB to 146.5 MB.
Total: 28.335700 ms (FindLiveObjects: 1.982600 ms CreateObjectMapping: 1.797300 ms MarkObjects: 14.543900 ms  DeleteObjects: 10.008800 ms)

Prepare: number of updated asset objects reloaded= 0
========================================================================
Received Prepare
Begin MonoManager ReloadAssembly
- Loaded All Assemblies, in  3.463 seconds
Refreshing native plugins compatible for Editor in 4.60 ms, found 4 plugins.
Native extension for WindowsStandalone target not found
Native extension for WebGL target not found
Mono: successfully reloaded assembly
- Finished resetting the current domain, in  3.737 seconds
Domain Reload Profiling: 7172ms
	BeginReloadAssembly (777ms)
		ExecutionOrderSort (0ms)
		DisableScriptedObjects (38ms)
		BackupInstance (0ms)
		ReleaseScriptingObjects (0ms)
		CreateAndSetChildDomain (193ms)
	RebuildCommonClasses (107ms)
	RebuildNativeTypeToScriptingClass (72ms)
	initialDomainReloadingComplete (160ms)
	LoadAllAssembliesAndSetupDomain (2317ms)
		LoadAssemblies (2003ms)
		RebuildTransferFunctionScriptingTraits (0ms)
		AnalyzeDomain (743ms)
			TypeCache.Refresh (28ms)
				TypeCache.ScanAssembly (0ms)
			BuildScriptInfoCaches (651ms)
			ResolveRequiredComponents (52ms)
	FinalizeReload (3739ms)
		ReleaseScriptCaches (0ms)
		RebuildScriptCaches (0ms)
		SetupLoadedEditorAssemblies (2952ms)
			LogAssemblyErrors (0ms)
			InitializePlatformSupportModulesInManaged (10ms)
			SetLoadedEditorAssemblies (26ms)
			BeforeProcessingInitializeOnLoad (837ms)
			ProcessInitializeOnLoadAttributes (1788ms)
			ProcessInitializeOnLoadMethodAttributes (260ms)
			AfterProcessingInitializeOnLoad (29ms)
			EditorAssembliesLoaded (3ms)
		ExecutionOrderSort2 (0ms)
		AwakeInstancesAfterBackupRestoration (59ms)
Refreshing native plugins compatible for Editor in 12.14 ms, found 4 plugins.
Preloading 0 native plugins for Editor in 0.00 ms.
Unloading 43 Unused Serialized files (Serialized files now loaded: 0)
Unloading 6583 unused Assets / (8.3 MB). Loaded Objects now: 7242.
Memory consumption went from 154.1 MB to 145.8 MB.
Total: 32.133600 ms (FindLiveObjects: 2.235600 ms CreateObjectMapping: 1.534100 ms MarkObjects: 15.856200 ms  DeleteObjects: 12.503100 ms)

Prepare: number of updated asset objects reloaded= 0
========================================================================
Received Prepare
Begin MonoManager ReloadAssembly
- Loaded All Assemblies, in  3.328 seconds
Refreshing native plugins compatible for Editor in 16.20 ms, found 4 plugins.
Native extension for WindowsStandalone target not found
Native extension for WebGL target not found
Mono: successfully reloaded assembly
- Finished resetting the current domain, in  3.238 seconds
Domain Reload Profiling: 6555ms
	BeginReloadAssembly (888ms)
		ExecutionOrderSort (0ms)
		DisableScriptedObjects (54ms)
		BackupInstance (0ms)
		ReleaseScriptingObjects (0ms)
		CreateAndSetChildDomain (195ms)
	RebuildCommonClasses (88ms)
	RebuildNativeTypeToScriptingClass (62ms)
	initialDomainReloadingComplete (129ms)
	LoadAllAssembliesAndSetupDomain (2148ms)
		LoadAssemblies (1957ms)
		RebuildTransferFunctionScriptingTraits (0ms)
		AnalyzeDomain (696ms)
			TypeCache.Refresh (19ms)
				TypeCache.ScanAssembly (0ms)
			BuildScriptInfoCaches (638ms)
			ResolveRequiredComponents (34ms)
	FinalizeReload (3239ms)
		ReleaseScriptCaches (0ms)
		RebuildScriptCaches (0ms)
		SetupLoadedEditorAssemblies (2481ms)
			LogAssemblyErrors (0ms)
			InitializePlatformSupportModulesInManaged (11ms)
			SetLoadedEditorAssemblies (17ms)
			BeforeProcessingInitializeOnLoad (583ms)
			ProcessInitializeOnLoadAttributes (1544ms)
			ProcessInitializeOnLoadMethodAttributes (291ms)
			AfterProcessingInitializeOnLoad (34ms)
			EditorAssembliesLoaded (1ms)
		ExecutionOrderSort2 (0ms)
		AwakeInstancesAfterBackupRestoration (47ms)
Refreshing native plugins compatible for Editor in 3.78 ms, found 4 plugins.
Preloading 0 native plugins for Editor in 0.00 ms.
Unloading 43 Unused Serialized files (Serialized files now loaded: 0)
Unloading 6583 unused Assets / (9.0 MB). Loaded Objects now: 7244.
Memory consumption went from 154.0 MB to 145.0 MB.
Total: 21.682000 ms (FindLiveObjects: 2.100300 ms CreateObjectMapping: 1.279400 ms MarkObjects: 7.293500 ms  DeleteObjects: 11.004300 ms)

Prepare: number of updated asset objects reloaded= 0
========================================================================
Received Prepare
Begin MonoManager ReloadAssembly
- Loaded All Assemblies, in  3.017 seconds
Refreshing native plugins compatible for Editor in 3.92 ms, found 4 plugins.
Native extension for WindowsStandalone target not found
Native extension for WebGL target not found
Mono: successfully reloaded assembly
- Finished resetting the current domain, in  3.709 seconds
Domain Reload Profiling: 6676ms
	BeginReloadAssembly (790ms)
		ExecutionOrderSort (0ms)
		DisableScriptedObjects (58ms)
		BackupInstance (0ms)
		ReleaseScriptingObjects (1ms)
		CreateAndSetChildDomain (168ms)
	RebuildCommonClasses (97ms)
	RebuildNativeTypeToScriptingClass (49ms)
	initialDomainReloadingComplete (126ms)
	LoadAllAssembliesAndSetupDomain (1904ms)
		LoadAssemblies (1653ms)
		RebuildTransferFunctionScriptingTraits (0ms)
		AnalyzeDomain (688ms)
			TypeCache.Refresh (18ms)
				TypeCache.ScanAssembly (0ms)
			BuildScriptInfoCaches (598ms)
			ResolveRequiredComponents (59ms)
	FinalizeReload (3710ms)
		ReleaseScriptCaches (0ms)
		RebuildScriptCaches (0ms)
		SetupLoadedEditorAssemblies (2887ms)
			LogAssemblyErrors (0ms)
			InitializePlatformSupportModulesInManaged (14ms)
			SetLoadedEditorAssemblies (39ms)
			BeforeProcessingInitializeOnLoad (766ms)
			ProcessInitializeOnLoadAttributes (1833ms)
			ProcessInitializeOnLoadMethodAttributes (191ms)
			AfterProcessingInitializeOnLoad (43ms)
			EditorAssembliesLoaded (1ms)
		ExecutionOrderSort2 (0ms)
		AwakeInstancesAfterBackupRestoration (55ms)
Refreshing native plugins compatible for Editor in 12.26 ms, found 4 plugins.
Preloading 0 native plugins for Editor in 0.00 ms.
Unloading 43 Unused Serialized files (Serialized files now loaded: 0)
Unloading 6583 unused Assets / (9.2 MB). Loaded Objects now: 7246.
Memory consumption went from 154.1 MB to 144.9 MB.
Total: 33.418900 ms (FindLiveObjects: 1.443300 ms CreateObjectMapping: 1.402600 ms MarkObjects: 14.618300 ms  DeleteObjects: 15.950600 ms)

Prepare: number of updated asset objects reloaded= 0
